c:\users\monkey\source\repos\oop\oop\debug\vc142.pdb
c:\users\monkey\source\repos\oop\oop\debug\vc142.idb
c:\users\monkey\source\repos\oop\oop\debug\coronavirus.obj
c:\users\monkey\source\repos\oop\oop\debug\alphacoronavirus.obj
c:\users\monkey\source\repos\oop\oop\debug\definition.obj
c:\users\monkey\source\repos\oop\oop\debug\betacoronavirus.obj
c:\users\monkey\source\repos\oop\oop\debug\patient.obj
c:\users\monkey\source\repos\oop\oop\debug\main.obj
c:\users\monkey\documents\github\monkey_trainning\minh_tam\debug\vc142.pdb
c:\users\monkey\documents\github\monkey_trainning\minh_tam\debug\vc142.idb
c:\users\monkey\documents\github\monkey_trainning\minh_tam\debug\main.obj
c:\users\monkey\documents\github\monkey_trainning\minh_tam\debug\definition.obj
c:\users\monkey\documents\github\monkey_trainning\minh_tam\debug\coronavirus.obj
c:\users\monkey\documents\github\monkey_trainning\minh_tam\debug\betacoronavirus.obj
c:\users\monkey\documents\github\monkey_trainning\minh_tam\debug\alphacoronavirus.obj
c:\users\monkey\documents\github\monkey_trainning\minh_tam\debug\patient.obj
c:\users\monkey\source\repos\oop\debug\oop.exe
c:\users\monkey\source\repos\oop\debug\oop.ilk
c:\users\monkey\source\repos\oop\debug\oop.pdb
c:\users\monkey\documents\github\monkey_trainning\minh_tam\debug\oop.ilk
c:\users\monkey\documents\github\monkey_trainning\minh_tam\debug\oop.exe
c:\users\monkey\documents\github\monkey_trainning\minh_tam\debug\oop.pdb
c:\users\monkey\source\repos\oop\oop\debug\oop.res
c:\users\monkey\documents\github\monkey_trainning\minh_tam\debug\oop.res
c:\users\monkey\documents\github\monkey_trainning\minh_tam\debug\coronavirus.obj.enc
c:\users\monkey\documents\github\monkey_trainning\minh_tam\debug\main.obj.enc
c:\users\monkey\documents\github\monkey_trainning\minh_tam\debug\patient.obj.enc
c:\users\monkey\documents\github\monkey_trainning\minh_tam\debug\oop.tlog\cl.command.1.tlog
c:\users\monkey\documents\github\monkey_trainning\minh_tam\debug\oop.tlog\cl.read.1.tlog
c:\users\monkey\documents\github\monkey_trainning\minh_tam\debug\oop.tlog\cl.write.1.tlog
c:\users\monkey\documents\github\monkey_trainning\minh_tam\debug\oop.tlog\link.command.1.tlog
c:\users\monkey\documents\github\monkey_trainning\minh_tam\debug\oop.tlog\link.read.1.tlog
c:\users\monkey\documents\github\monkey_trainning\minh_tam\debug\oop.tlog\link.write.1.tlog
c:\users\monkey\documents\github\monkey_trainning\minh_tam\debug\oop.tlog\rc.command.1.tlog
c:\users\monkey\documents\github\monkey_trainning\minh_tam\debug\oop.tlog\rc.read.1.tlog
c:\users\monkey\documents\github\monkey_trainning\minh_tam\debug\oop.tlog\rc.write.1.tlog
